# JRE version: Java(TM) SE Runtime Environment (17.0.15+9) (build 17.0.15+9-LTS-241)
# Java VM: Java HotSpot(TM) 64-Bit Server VM (17.0.15+9-LTS-241, mixed mode, sharing, tiered, compressed oops, compressed class ptrs, g1 gc, windows-amd64)
GC Precious Log:
 CPUs: 8 total, 8 available
 Memory: 7834M
 Large Page Support: Disabled
 NUMA Support: Disabled
 Compressed Oops: Enabled (32-bit)
 Heap Region Size: 1M
 Heap Min Capacity: 8M
 Heap Initial Capacity: 8M
 Heap Max Capacity: 1960M
 Pre-touch: Disabled
 Parallel Workers: 8
 Concurrent Workers: 2
 Concurrent Refinement Workers: 8
 Periodic GC: Disabled
Heap:
 garbage-first heap   total 43008K, used 18925K [0x0000000085800000, 0x0000000100000000)
  region size 1024K, 8 young (8192K), 2 survivors (2048K)
 Metaspace       used 12596K, committed 12800K, reserved 1114112K
  class space    used 1382K, committed 1472K, reserved 1048576K
GC Heap History (20 events):
Event: 1.084 GC heap before
{Heap before GC invocations=11 (full 0):
 garbage-first heap   total 15360K, used 8819K [0x0000000085800000, 0x0000000100000000)
  region size 1024K, 3 young (3072K), 1 survivors (1024K)
 Metaspace       used 9324K, committed 9472K, reserved 1114112K
  class space    used 1054K, committed 1152K, reserved 1048576K
}
Event: 1.088 GC heap after
{Heap after GC invocations=12 (full 0):
 garbage-first heap   total 15360K, used 7182K [0x0000000085800000, 0x0000000100000000)
  region size 1024K, 1 young (1024K), 1 survivors (1024K)
 Metaspace       used 9324K, committed 9472K, reserved 1114112K
  class space    used 1054K, committed 1152K, reserved 1048576K
}
Event: 1.099 GC heap before
{Heap before GC invocations=12 (full 0):
 garbage-first heap   total 15360K, used 9230K [0x0000000085800000, 0x0000000100000000)
  region size 1024K, 3 young (3072K), 1 survivors (1024K)
 Metaspace       used 9331K, committed 9472K, reserved 1114112K
  class space    used 1054K, committed 1152K, reserved 1048576K
}
Event: 1.104 GC heap after
{Heap after GC invocations=13 (full 0):
 garbage-first heap   total 30720K, used 7427K [0x0000000085800000, 0x0000000100000000)
  region size 1024K, 1 young (1024K), 1 survivors (1024K)
 Metaspace       used 9331K, committed 9472K, reserved 1114112K
  class space    used 1054K, committed 1152K, reserved 1048576K
}
Event: 1.258 GC heap before
{Heap before GC invocations=14 (full 0):
 garbage-first heap   total 30720K, used 17667K [0x0000000085800000, 0x0000000100000000)
  region size 1024K, 11 young (11264K), 1 survivors (1024K)
 Metaspace       used 9463K, committed 9728K, reserved 1114112K
  class space    used 1069K, committed 1216K, reserved 1048576K
}
Event: 1.267 GC heap after
{Heap after GC invocations=15 (full 0):
 garbage-first heap   total 30720K, used 9516K [0x0000000085800000, 0x0000000100000000)
  region size 1024K, 2 young (2048K), 2 survivors (2048K)
 Metaspace       used 9463K, committed 9728K, reserved 1114112K
  class space    used 1069K, committed 1216K, reserved 1048576K
}
Event: 1.378 GC heap before
{Heap before GC invocations=15 (full 0):
 garbage-first heap   total 30720K, used 17708K [0x0000000085800000, 0x0000000100000000)
  region size 1024K, 10 young (10240K), 2 survivors (2048K)
 Metaspace       used 9641K, committed 9856K, reserved 1114112K
  class space    used 1075K, committed 1216K, reserved 1048576K
}
Event: 1.386 GC heap after
{Heap after GC invocations=16 (full 0):
 garbage-first heap   total 30720K, used 12166K [0x0000000085800000, 0x0000000100000000)
  region size 1024K, 2 young (2048K), 2 survivors (2048K)
 Metaspace       used 9641K, committed 9856K, reserved 1114112K
  class space    used 1075K, committed 1216K, reserved 1048576K
}
Event: 1.932 GC heap before
{Heap before GC invocations=16 (full 0):
 garbage-first heap   total 30720K, used 19334K [0x0000000085800000, 0x0000000100000000)
  region size 1024K, 9 young (9216K), 2 survivors (2048K)
 Metaspace       used 10578K, committed 10752K, reserved 1114112K
  class space    used 1160K, committed 1216K, reserved 1048576K
}
Event: 1.940 GC heap after
{Heap after GC invocations=17 (full 0):
 garbage-first heap   total 30720K, used 13045K [0x0000000085800000, 0x0000000100000000)
  region size 1024K, 1 young (1024K), 1 survivors (1024K)
 Metaspace       used 10578K, committed 10752K, reserved 1114112K
  class space    used 1160K, committed 1216K, reserved 1048576K
}
Event: 2.097 GC heap before
{Heap before GC invocations=17 (full 0):
 garbage-first heap   total 30720K, used 20213K [0x0000000085800000, 0x0000000100000000)
  region size 1024K, 9 young (9216K), 1 survivors (1024K)
 Metaspace       used 10970K, committed 11136K, reserved 1114112K
  class space    used 1235K, committed 1280K, reserved 1048576K
}
Event: 2.100 GC heap after
{Heap after GC invocations=18 (full 0):
 garbage-first heap   total 43008K, used 13155K [0x0000000085800000, 0x0000000100000000)
  region size 1024K, 1 young (1024K), 1 survivors (1024K)
 Metaspace       used 10970K, committed 11136K, reserved 1114112K
  class space    used 1235K, committed 1280K, reserved 1048576K
}
Event: 2.512 GC heap before
{Heap before GC invocations=18 (full 0):
 garbage-first heap   total 43008K, used 28515K [0x0000000085800000, 0x0000000100000000)
  region size 1024K, 17 young (17408K), 1 survivors (1024K)
 Metaspace       used 12187K, committed 12416K, reserved 1114112K
  class space    used 1352K, committed 1472K, reserved 1048576K
}
Event: 2.516 GC heap after
{Heap after GC invocations=19 (full 0):
 garbage-first heap   total 43008K, used 13419K [0x0000000085800000, 0x0000000100000000)
  region size 1024K, 2 young (2048K), 2 survivors (2048K)
 Metaspace       used 12187K, committed 12416K, reserved 1114112K
  class space    used 1352K, committed 1472K, reserved 1048576K
}
Event: 2.659 GC heap before
{Heap before GC invocations=19 (full 0):
 garbage-first heap   total 43008K, used 31851K [0x0000000085800000, 0x0000000100000000)
  region size 1024K, 20 young (20480K), 2 survivors (2048K)
 Metaspace       used 12222K, committed 12416K, reserved 1114112K
  class space    used 1352K, committed 1472K, reserved 1048576K
}
Event: 2.663 GC heap after
{Heap after GC invocations=20 (full 0):
 garbage-first heap   total 43008K, used 13529K [0x0000000085800000, 0x0000000100000000)
  region size 1024K, 2 young (2048K), 2 survivors (2048K)
 Metaspace       used 12222K, committed 12416K, reserved 1114112K
  class space    used 1352K, committed 1472K, reserved 1048576K
}
Event: 2.800 GC heap before
{Heap before GC invocations=20 (full 0):
 garbage-first heap   total 43008K, used 32985K [0x0000000085800000, 0x0000000100000000)
  region size 1024K, 21 young (21504K), 2 survivors (2048K)
 Metaspace       used 12284K, committed 12544K, reserved 1114112K
  class space    used 1355K, committed 1472K, reserved 1048576K
}
Event: 2.809 GC heap after
{Heap after GC invocations=21 (full 0):
 garbage-first heap   total 43008K, used 13539K [0x0000000085800000, 0x0000000100000000)
  region size 1024K, 2 young (2048K), 2 survivors (2048K)
 Metaspace       used 12284K, committed 12544K, reserved 1114112K
  class space    used 1355K, committed 1472K, reserved 1048576K
}
Event: 2.982 GC heap before
{Heap before GC invocations=21 (full 0):
 garbage-first heap   total 43008K, used 34019K [0x0000000085800000, 0x0000000100000000)
  region size 1024K, 22 young (22528K), 2 survivors (2048K)
 Metaspace       used 12408K, committed 12672K, reserved 1114112K
  class space    used 1355K, committed 1472K, reserved 1048576K
}
Event: 2.988 GC heap after
{Heap after GC invocations=22 (full 0):
 garbage-first heap   total 43008K, used 13805K [0x0000000085800000, 0x0000000100000000)
  region size 1024K, 2 young (2048K), 2 survivors (2048K)
 Metaspace       used 12408K, committed 12672K, reserved 1114112K
  class space    used 1355K, committed 1472K, reserved 1048576K
}

